<?xml version="1.0" encoding="UTF-8"?>
<coverage generated="1600811161018" clover="3.2.0">
  <project timestamp="1600811161018" name="All files">
    <metrics statements="61" coveredstatements="35" conditionals="18" coveredconditionals="9" methods="12" coveredmethods="7" elements="91" coveredelements="51" complexity="0" loc="61" ncloc="61" packages="2" files="2" classes="2"/>
    <package name="multi-bracket-validation">
      <metrics statements="19" coveredstatements="18" conditionals="8" coveredconditionals="7" methods="1" coveredmethods="1"/>
      <file name="multi-bracket-validation.js" path="/mnt/c/Users/STUDENT/projects/data-structures-and-algorithms/challenges/Data-Structures/multi-bracket-validation/multi-bracket-validation.js">
        <metrics statements="19" coveredstatements="18" conditionals="8" coveredconditionals="7" methods="1" coveredmethods="1"/>
        <line num="3" count="1" type="stmt"/>
        <line num="6" count="8" type="stmt"/>
        <line num="7" count="8" type="stmt"/>
        <line num="8" count="8" type="stmt"/>
        <line num="9" count="8" type="stmt"/>
        <line num="10" count="8" type="stmt"/>
        <line num="17" count="8" type="cond" truecount="1" falsecount="1"/>
        <line num="18" count="0" type="stmt"/>
        <line num="22" count="8" type="stmt"/>
        <line num="23" count="69" type="cond" truecount="2" falsecount="0"/>
        <line num="24" count="22" type="stmt"/>
        <line num="31" count="69" type="cond" truecount="2" falsecount="0"/>
        <line num="32" count="20" type="stmt"/>
        <line num="34" count="20" type="stmt"/>
        <line num="35" count="20" type="stmt"/>
        <line num="36" count="20" type="cond" truecount="2" falsecount="0"/>
        <line num="37" count="3" type="stmt"/>
        <line num="44" count="5" type="stmt"/>
        <line num="52" count="1" type="stmt"/>
      </file>
    </package>
    <package name="stacksAndQueues">
      <metrics statements="42" coveredstatements="17" conditionals="10" coveredconditionals="2" methods="11" coveredmethods="6"/>
      <file name="stacks-and-queues.js" path="/mnt/c/Users/STUDENT/projects/data-structures-and-algorithms/challenges/Data-Structures/stacksAndQueues/stacks-and-queues.js">
        <metrics statements="42" coveredstatements="17" conditionals="10" coveredconditionals="2" methods="11" coveredmethods="6"/>
        <line num="5" count="22" type="stmt"/>
        <line num="6" count="22" type="stmt"/>
        <line num="13" count="8" type="stmt"/>
        <line num="14" count="8" type="stmt"/>
        <line num="18" count="40" type="stmt"/>
        <line num="24" count="22" type="stmt"/>
        <line num="25" count="22" type="stmt"/>
        <line num="26" count="22" type="stmt"/>
        <line num="27" count="22" type="stmt"/>
        <line num="34" count="20" type="cond" truecount="1" falsecount="1"/>
        <line num="35" count="0" type="stmt"/>
        <line num="38" count="20" type="stmt"/>
        <line num="39" count="20" type="stmt"/>
        <line num="40" count="20" type="stmt"/>
        <line num="41" count="20" type="stmt"/>
        <line num="46" count="20" type="cond" truecount="1" falsecount="1"/>
        <line num="47" count="0" type="stmt"/>
        <line num="49" count="20" type="stmt"/>
        <line num="58" count="0" type="stmt"/>
        <line num="59" count="0" type="stmt"/>
        <line num="60" count="0" type="stmt"/>
        <line num="65" count="0" type="stmt"/>
        <line num="67" count="0" type="cond" truecount="0" falsecount="2"/>
        <line num="68" count="0" type="stmt"/>
        <line num="69" count="0" type="stmt"/>
        <line num="70" count="0" type="stmt"/>
        <line num="71" count="0" type="stmt"/>
        <line num="74" count="0" type="stmt"/>
        <line num="75" count="0" type="stmt"/>
        <line num="76" count="0" type="stmt"/>
        <line num="77" count="0" type="stmt"/>
        <line num="83" count="0" type="cond" truecount="0" falsecount="2"/>
        <line num="84" count="0" type="stmt"/>
        <line num="87" count="0" type="stmt"/>
        <line num="88" count="0" type="stmt"/>
        <line num="89" count="0" type="stmt"/>
        <line num="90" count="0" type="stmt"/>
        <line num="95" count="0" type="cond" truecount="0" falsecount="2"/>
        <line num="96" count="0" type="stmt"/>
        <line num="98" count="0" type="stmt"/>
        <line num="102" count="0" type="stmt"/>
        <line num="111" count="1" type="stmt"/>
      </file>
    </package>
  </project>
</coverage>
