{"/mnt/c/Users/STUDENT/projects/data-structures-and-algorithms/challenges/Data-Structures/treeIntersection/treeIntersection.js": {"path":"/mnt/c/Users/STUDENT/projects/data-structures-and-algorithms/challenges/Data-Structures/treeIntersection/treeIntersection.js","statementMap":{"0":{"start":{"line":5,"column":8},"end":{"line":5,"column":27}},"1":{"start":{"line":6,"column":8},"end":{"line":6,"column":25}},"2":{"start":{"line":7,"column":8},"end":{"line":7,"column":27}},"3":{"start":{"line":14,"column":8},"end":{"line":14,"column":25}},"4":{"start":{"line":18,"column":21},"end":{"line":18,"column":23}},"5":{"start":{"line":19,"column":19},"end":{"line":25,"column":9}},"6":{"start":{"line":20,"column":12},"end":{"line":20,"column":36}},"7":{"start":{"line":21,"column":12},"end":{"line":22,"column":32}},"8":{"start":{"line":22,"column":16},"end":{"line":22,"column":32}},"9":{"start":{"line":23,"column":12},"end":{"line":24,"column":33}},"10":{"start":{"line":24,"column":16},"end":{"line":24,"column":33}},"11":{"start":{"line":26,"column":8},"end":{"line":26,"column":24}},"12":{"start":{"line":27,"column":8},"end":{"line":27,"column":22}},"13":{"start":{"line":37,"column":4},"end":{"line":38,"column":32}},"14":{"start":{"line":38,"column":8},"end":{"line":38,"column":32}},"15":{"start":{"line":40,"column":19},"end":{"line":40,"column":35}},"16":{"start":{"line":41,"column":18},"end":{"line":41,"column":34}},"17":{"start":{"line":42,"column":17},"end":{"line":42,"column":19}},"18":{"start":{"line":44,"column":7},"end":{"line":51,"column":10}},"19":{"start":{"line":46,"column":11},"end":{"line":49,"column":14}},"20":{"start":{"line":47,"column":15},"end":{"line":48,"column":31}},"21":{"start":{"line":48,"column":15},"end":{"line":48,"column":31}},"22":{"start":{"line":52,"column":4},"end":{"line":52,"column":17}},"23":{"start":{"line":56,"column":0},"end":{"line":56,"column":80}}},"fnMap":{"0":{"name":"(anonymous_0)","decl":{"start":{"line":4,"column":4},"end":{"line":4,"column":5}},"loc":{"start":{"line":4,"column":50},"end":{"line":8,"column":5}},"line":4},"1":{"name":"(anonymous_1)","decl":{"start":{"line":13,"column":4},"end":{"line":13,"column":5}},"loc":{"start":{"line":13,"column":29},"end":{"line":15,"column":5}},"line":13},"2":{"name":"(anonymous_2)","decl":{"start":{"line":17,"column":4},"end":{"line":17,"column":5}},"loc":{"start":{"line":17,"column":15},"end":{"line":29,"column":5}},"line":17},"3":{"name":"(anonymous_3)","decl":{"start":{"line":19,"column":19},"end":{"line":19,"column":20}},"loc":{"start":{"line":19,"column":29},"end":{"line":25,"column":9}},"line":19},"4":{"name":"treeIntersection","decl":{"start":{"line":35,"column":9},"end":{"line":35,"column":25}},"loc":{"start":{"line":35,"column":40},"end":{"line":54,"column":1}},"line":35},"5":{"name":"(anonymous_5)","decl":{"start":{"line":44,"column":22},"end":{"line":44,"column":23}},"loc":{"start":{"line":44,"column":33},"end":{"line":51,"column":8}},"line":44},"6":{"name":"(anonymous_6)","decl":{"start":{"line":46,"column":26},"end":{"line":46,"column":27}},"loc":{"start":{"line":46,"column":31},"end":{"line":49,"column":12}},"line":46}},"branchMap":{"0":{"loc":{"start":{"line":4,"column":23},"end":{"line":4,"column":34}},"type":"default-arg","locations":[{"start":{"line":4,"column":30},"end":{"line":4,"column":34}}],"line":4},"1":{"loc":{"start":{"line":4,"column":36},"end":{"line":4,"column":48}},"type":"default-arg","locations":[{"start":{"line":4,"column":44},"end":{"line":4,"column":48}}],"line":4},"2":{"loc":{"start":{"line":13,"column":16},"end":{"line":13,"column":27}},"type":"default-arg","locations":[{"start":{"line":13,"column":23},"end":{"line":13,"column":27}}],"line":13},"3":{"loc":{"start":{"line":21,"column":12},"end":{"line":22,"column":32}},"type":"if","locations":[{"start":{"line":21,"column":12},"end":{"line":22,"column":32}},{"start":{"line":21,"column":12},"end":{"line":22,"column":32}}],"line":21},"4":{"loc":{"start":{"line":23,"column":12},"end":{"line":24,"column":33}},"type":"if","locations":[{"start":{"line":23,"column":12},"end":{"line":24,"column":33}},{"start":{"line":23,"column":12},"end":{"line":24,"column":33}}],"line":23},"5":{"loc":{"start":{"line":37,"column":4},"end":{"line":38,"column":32}},"type":"if","locations":[{"start":{"line":37,"column":4},"end":{"line":38,"column":32}},{"start":{"line":37,"column":4},"end":{"line":38,"column":32}}],"line":37},"6":{"loc":{"start":{"line":37,"column":8},"end":{"line":37,"column":34}},"type":"binary-expr","locations":[{"start":{"line":37,"column":8},"end":{"line":37,"column":19}},{"start":{"line":37,"column":23},"end":{"line":37,"column":34}}],"line":37},"7":{"loc":{"start":{"line":47,"column":15},"end":{"line":48,"column":31}},"type":"if","locations":[{"start":{"line":47,"column":15},"end":{"line":48,"column":31}},{"start":{"line":47,"column":15},"end":{"line":48,"column":31}}],"line":47}},"s":{"0":22,"1":22,"2":22,"3":2,"4":4,"5":4,"6":44,"7":44,"8":20,"9":44,"10":20,"11":4,"12":4,"13":1,"14":0,"15":1,"16":1,"17":1,"18":1,"19":11,"20":121,"21":7,"22":1,"23":1},"f":{"0":22,"1":2,"2":4,"3":44,"4":1,"5":11,"6":121},"b":{"0":[22],"1":[22],"2":[0],"3":[20,24],"4":[20,24],"5":[0,1],"6":[1,0],"7":[7,114]},"_coverageSchema":"1a1c01bbd47fc00a2c39e90264f33305004495a9","hash":"7e42aa83d846b50ce6e720683573200b1b7b1402"}
}
