{"/mnt/c/Users/STUDENT/projects/data-structures-and-algorithms/challenges/arrayShift/array-shift.js": {"path":"/mnt/c/Users/STUDENT/projects/data-structures-and-algorithms/challenges/arrayShift/array-shift.js","statementMap":{"0":{"start":{"line":5,"column":4},"end":{"line":12,"column":7}},"1":{"start":{"line":6,"column":24},"end":{"line":6,"column":38}},"2":{"start":{"line":7,"column":8},"end":{"line":7,"column":37}},"3":{"start":{"line":10,"column":23},"end":{"line":10,"column":50}},"4":{"start":{"line":11,"column":8},"end":{"line":11,"column":37}},"5":{"start":{"line":13,"column":7},"end":{"line":13,"column":17}},"6":{"start":{"line":15,"column":0},"end":{"line":15,"column":39}},"7":{"start":{"line":16,"column":0},"end":{"line":16,"column":34}}},"fnMap":{"0":{"name":"insertShiftArray","decl":{"start":{"line":3,"column":9},"end":{"line":3,"column":25}},"loc":{"start":{"line":3,"column":36},"end":{"line":14,"column":1}},"line":3}},"branchMap":{"0":{"loc":{"start":{"line":5,"column":4},"end":{"line":12,"column":7}},"type":"if","locations":[{"start":{"line":5,"column":4},"end":{"line":12,"column":7}},{"start":{"line":5,"column":4},"end":{"line":12,"column":7}}],"line":5}},"s":{"0":3,"1":1,"2":1,"3":2,"4":2,"5":3,"6":1,"7":1},"f":{"0":3},"b":{"0":[1,2]},"_coverageSchema":"1a1c01bbd47fc00a2c39e90264f33305004495a9","hash":"a36f185ca8f1167e77f182327ba1af22b5756adf"}
,"/mnt/c/Users/STUDENT/projects/data-structures-and-algorithms/challenges/binary/array-binary-search.js": {"path":"/mnt/c/Users/STUDENT/projects/data-structures-and-algorithms/challenges/binary/array-binary-search.js","statementMap":{"0":{"start":{"line":5,"column":21},"end":{"line":5,"column":22}},"1":{"start":{"line":6,"column":14},"end":{"line":6,"column":24}},"2":{"start":{"line":7,"column":20},"end":{"line":7,"column":25}},"3":{"start":{"line":9,"column":4},"end":{"line":21,"column":5}},"4":{"start":{"line":11,"column":16},"end":{"line":11,"column":55}},"5":{"start":{"line":13,"column":6},"end":{"line":17,"column":30}},"6":{"start":{"line":13,"column":27},"end":{"line":13,"column":37}},"7":{"start":{"line":15,"column":11},"end":{"line":17,"column":30}},"8":{"start":{"line":15,"column":30},"end":{"line":15,"column":50}},"9":{"start":{"line":17,"column":12},"end":{"line":17,"column":29}},"10":{"start":{"line":19,"column":4},"end":{"line":19,"column":14}},"11":{"start":{"line":24,"column":0},"end":{"line":24,"column":27}}},"fnMap":{"0":{"name":"BinarySearch","decl":{"start":{"line":3,"column":9},"end":{"line":3,"column":21}},"loc":{"start":{"line":3,"column":30},"end":{"line":22,"column":1}},"line":3}},"branchMap":{"0":{"loc":{"start":{"line":13,"column":6},"end":{"line":17,"column":30}},"type":"if","locations":[{"start":{"line":13,"column":6},"end":{"line":17,"column":30}},{"start":{"line":13,"column":6},"end":{"line":17,"column":30}}],"line":13},"1":{"loc":{"start":{"line":15,"column":11},"end":{"line":17,"column":30}},"type":"if","locations":[{"start":{"line":15,"column":11},"end":{"line":17,"column":30}},{"start":{"line":15,"column":11},"end":{"line":17,"column":30}}],"line":15}},"s":{"0":2,"1":2,"2":2,"3":2,"4":2,"5":2,"6":1,"7":1,"8":1,"9":0,"10":1,"11":1},"f":{"0":2},"b":{"0":[1,1],"1":[1,0]},"_coverageSchema":"1a1c01bbd47fc00a2c39e90264f33305004495a9","hash":"98239a66260c366f8f40c4437b6129c79f22f379"}
,"/mnt/c/Users/STUDENT/projects/data-structures-and-algorithms/challenges/code4/code4.js": {"path":"/mnt/c/Users/STUDENT/projects/data-structures-and-algorithms/challenges/code4/code4.js","statementMap":{"0":{"start":{"line":2,"column":8},"end":{"line":2,"column":44}},"1":{"start":{"line":6,"column":8},"end":{"line":6,"column":10}},"2":{"start":{"line":7,"column":0},"end":{"line":14,"column":1}},"3":{"start":{"line":7,"column":10},"end":{"line":7,"column":11}},"4":{"start":{"line":8,"column":15},"end":{"line":8,"column":16}},"5":{"start":{"line":9,"column":2},"end":{"line":12,"column":3}},"6":{"start":{"line":9,"column":12},"end":{"line":9,"column":13}},"7":{"start":{"line":10,"column":2},"end":{"line":10,"column":30}},"8":{"start":{"line":13,"column":0},"end":{"line":13,"column":15}},"9":{"start":{"line":15,"column":0},"end":{"line":15,"column":11}},"10":{"start":{"line":18,"column":0},"end":{"line":18,"column":13}},"11":{"start":{"line":20,"column":0},"end":{"line":20,"column":25}}},"fnMap":{"0":{"name":"sumMatrix","decl":{"start":{"line":4,"column":9},"end":{"line":4,"column":18}},"loc":{"start":{"line":4,"column":24},"end":{"line":16,"column":2}},"line":4}},"branchMap":{},"s":{"0":1,"1":3,"2":3,"3":3,"4":9,"5":9,"6":9,"7":27,"8":9,"9":3,"10":1,"11":1},"f":{"0":3},"b":{},"_coverageSchema":"1a1c01bbd47fc00a2c39e90264f33305004495a9","hash":"926e9cf99f3da3be9348631d5dd95b51c0f2ff45"}
}
