TN:
SF:challenges/Data-Structures/mergesort/merge.js
FN:5,merge
FN:22,mergeSort
FNF:2
FNH:2
FNDA:11,merge
FNDA:5,mergeSort
DA:6,11
DA:7,11
DA:8,5
DA:10,5
DA:11,5
DA:13,5
DA:14,5
DA:16,5
DA:23,5
DA:24,5
DA:25,5
DA:27,5
DA:28,11
DA:29,5
DA:30,5
DA:33,6
DA:34,6
DA:36,11
DA:40,5
DA:41,3
DA:42,3
DA:43,3
DA:44,3
DA:48,2
DA:49,2
DA:50,2
DA:51,2
DA:55,5
DA:59,1
LF:29
LH:29
BRDA:7,0,0,5
BRDA:7,0,1,6
BRDA:27,1,0,16
BRDA:27,1,1,13
BRDA:28,2,0,5
BRDA:28,2,1,6
BRDA:40,3,0,3
BRDA:40,3,1,2
BRF:8
BRH:8
end_of_record
