TN:
SF:challenges/Data-Structures/linkedList/lib/link-list.js
FN:7,(anonymous_0)
FN:11,(anonymous_1)
FN:29,(anonymous_2)
FN:42,(anonymous_3)
FNF:4
FNH:4
FNDA:1,(anonymous_0)
FNDA:2,(anonymous_1)
FNDA:6,(anonymous_2)
FNDA:2,(anonymous_3)
DA:3,1
DA:8,1
DA:12,2
DA:14,2
DA:15,1
DA:16,1
DA:19,1
DA:21,1
DA:22,0
DA:24,1
DA:25,1
DA:31,6
DA:33,6
DA:34,10
DA:35,4
DA:37,6
DA:39,2
DA:43,2
DA:44,2
DA:45,2
DA:46,4
DA:47,4
DA:49,2
DA:50,2
DA:56,1
LF:25
LH:24
BRDA:14,0,0,1
BRDA:14,0,1,1
BRDA:34,1,0,4
BRDA:34,1,1,6
BRF:4
BRH:4
end_of_record
TN:
SF:challenges/Data-Structures/linkedList/lib/node.js
FN:5,(anonymous_0)
FNF:1
FNH:1
FNDA:2,(anonymous_0)
DA:6,2
DA:7,2
DA:11,1
LF:3
LH:3
BRF:0
BRH:0
end_of_record
